<?xml version="1.0" encoding="UTF-8"?>
<!-- Generated by org.testng.reporters.JUnitReportReporter -->
<testsuite hostname="DESKTOP-JJ8PCSV" failures="0" tests="4" name="carrentaltests.Pr03Login" time="19.723" errors="0" timestamp="2023-03-09T07:06:41 IST" skipped="0">
  <testcase classname="carrentaltests.Pr03Login" name="loginUser2" time="4.668"/>
  <system-out/>
  <testcase classname="carrentaltests.Pr03Login" name="loginUser1" time="5.941"/>
  <system-out/>
  <testcase classname="carrentaltests.Pr03Login" name="loginUser4" time="4.507"/>
  <system-out/>
  <testcase classname="carrentaltests.Pr03Login" name="loginUser3" time="4.607"/>
  <system-out/>
</testsuite> <!-- carrentaltests.Pr03Login -->
