<?xml version="1.0" encoding="UTF-8"?>
<!-- Generated by org.testng.reporters.JUnitReportReporter -->
<testsuite hostname="DESKTOP-JJ8PCSV" failures="0" tests="5" name="carrentaltests.Pr01VerifyPages" time="15.239" errors="0" timestamp="2023-03-09T07:06:41 IST" skipped="0">
  <testcase classname="carrentaltests.Pr01VerifyPages" name="verifyCarListingPage" time="3.170"/>
  <system-out/>
  <testcase classname="carrentaltests.Pr01VerifyPages" name="verifyAboutUsPage" time="2.964"/>
  <system-out/>
  <testcase classname="carrentaltests.Pr01VerifyPages" name="verifyHomePage" time="3.122"/>
  <system-out/>
  <testcase classname="carrentaltests.Pr01VerifyPages" name="verifyContactUsPage" time="3.054"/>
  <system-out/>
  <testcase classname="carrentaltests.Pr01VerifyPages" name="verifyFAQsPage" time="2.929"/>
  <system-out/>
</testsuite> <!-- carrentaltests.Pr01VerifyPages -->
