<?xml version="1.0" encoding="UTF-8"?>
<!-- Generated by org.testng.reporters.JUnitReportReporter -->
<testsuite hostname="DESKTOP-JJ8PCSV" failures="0" tests="6" name="carrentaltests.Pr02NavigationBarCheckWithPOM" time="20.339" errors="0" timestamp="2023-03-09T07:06:41 IST" skipped="0">
  <testcase classname="carrentaltests.Pr02NavigationBarCheckWithPOM" name="checkNavigationBarLinks" time="3.079"/>
  <system-out/>
  <testcase classname="carrentaltests.Pr02NavigationBarCheckWithPOM" name="searchNissan" time="3.652"/>
  <system-out/>
  <testcase classname="carrentaltests.Pr02NavigationBarCheckWithPOM" name="searchMaruthi" time="3.199"/>
  <system-out/>
  <testcase classname="carrentaltests.Pr02NavigationBarCheckWithPOM" name="searchToyota" time="3.262"/>
  <system-out/>
  <testcase classname="carrentaltests.Pr02NavigationBarCheckWithPOM" name="searchBMW" time="3.555"/>
  <system-out/>
  <testcase classname="carrentaltests.Pr02NavigationBarCheckWithPOM" name="searchAudi" time="3.592"/>
  <system-out/>
</testsuite> <!-- carrentaltests.Pr02NavigationBarCheckWithPOM -->
