<?xml version="1.0" encoding="UTF-8"?>
<!-- Generated by org.testng.reporters.JUnitReportReporter -->
<testsuite hostname="DESKTOP-JJ8PCSV" failures="0" tests="5" name="carrentaltests.Pr01VerifyPages" time="14.982" errors="0" timestamp="2023-03-09T07:14:36 IST" skipped="0">
  <testcase classname="carrentaltests.Pr01VerifyPages" name="verifyHomePage" time="2.863"/>
  <system-out/>
  <testcase classname="carrentaltests.Pr01VerifyPages" name="verifyContactUsPage" time="2.965"/>
  <system-out/>
  <testcase classname="carrentaltests.Pr01VerifyPages" name="verifyCarListingPage" time="3.059"/>
  <system-out/>
  <testcase classname="carrentaltests.Pr01VerifyPages" name="verifyFAQsPage" time="3.055"/>
  <system-out/>
  <testcase classname="carrentaltests.Pr01VerifyPages" name="verifyAboutUsPage" time="3.040"/>
  <system-out/>
</testsuite> <!-- carrentaltests.Pr01VerifyPages -->
