<?xml version="1.0" encoding="UTF-8"?>
<!-- Generated by org.testng.reporters.JUnitReportReporter -->
<testsuite hostname="DESKTOP-JJ8PCSV" failures="0" tests="4" name="carrentaltests.Pr03Login" time="21.946" errors="0" timestamp="2023-03-09T07:14:36 IST" skipped="0">
  <testcase classname="carrentaltests.Pr03Login" name="loginUser4" time="4.609"/>
  <system-out/>
  <testcase classname="carrentaltests.Pr03Login" name="loginUser3" time="4.342"/>
  <system-out/>
  <testcase classname="carrentaltests.Pr03Login" name="loginUser1" time="7.717"/>
  <system-out/>
  <testcase classname="carrentaltests.Pr03Login" name="loginUser2" time="5.278"/>
  <system-out/>
</testsuite> <!-- carrentaltests.Pr03Login -->
