<?xml version="1.0" encoding="UTF-8"?>
<!-- Generated by org.testng.reporters.JUnitReportReporter -->
<testsuite hostname="DESKTOP-JJ8PCSV" failures="0" tests="6" name="carrentaltests.Pr02NavigationBarCheckWithPOM" time="20.365" errors="0" timestamp="2023-03-09T07:14:36 IST" skipped="0">
  <testcase classname="carrentaltests.Pr02NavigationBarCheckWithPOM" name="checkNavigationBarLinks" time="3.283"/>
  <system-out/>
  <testcase classname="carrentaltests.Pr02NavigationBarCheckWithPOM" name="searchBMW" time="3.512"/>
  <system-out/>
  <testcase classname="carrentaltests.Pr02NavigationBarCheckWithPOM" name="searchToyota" time="3.295"/>
  <system-out/>
  <testcase classname="carrentaltests.Pr02NavigationBarCheckWithPOM" name="searchNissan" time="3.311"/>
  <system-out/>
  <testcase classname="carrentaltests.Pr02NavigationBarCheckWithPOM" name="searchMaruthi" time="3.444"/>
  <system-out/>
  <testcase classname="carrentaltests.Pr02NavigationBarCheckWithPOM" name="searchAudi" time="3.520"/>
  <system-out/>
</testsuite> <!-- carrentaltests.Pr02NavigationBarCheckWithPOM -->
